<?xml version="1.0" encoding="utf-8"?><testsuites name="pytest tests"><testsuite name="pytest" errors="0" failures="1" skipped="0" tests="26" time="10.678" timestamp="2026-05-11T14:23:37.474358+00:00" hostname="agent-env-21862559-f756-48c6-a7fe-26460baa6179"><testcase classname="backend.tests.test_phase3.TestStripe" name="test_parent_checkout_returns_stripe_url" time="1.979" /><testcase classname="backend.tests.test_phase3.TestStripe" name="test_admin_cannot_use_parent_checkout" time="0.438" /><testcase classname="backend.tests.test_phase3.TestStripe" name="test_parent_cannot_checkout_other_student_invoice" time="0.399" /><testcase classname="backend.tests.test_phase3.TestStripe" name="test_checkout_on_paid_invoice_returns_400" time="0.296" /><testcase classname="backend.tests.test_phase3.TestStripe" name="test_get_checkout_status" time="0.246"><failure message="AssertionError: Internal Server Error&#10;assert 500 == 200&#10; +  where 500 = &lt;Response [500]&gt;.status_code">backend/tests/test_phase3.py:134: in test_get_checkout_status
    assert r.status_code == 200, r.text
E   AssertionError: Internal Server Error
E   assert 500 == 200
E    +  where 500 = &lt;Response [500]&gt;.status_code</failure></testcase><testcase classname="backend.tests.test_phase3.TestStripe" name="test_get_checkout_status_foreign_parent_403" time="0.073" /><testcase classname="backend.tests.test_phase3.TestResend" name="test_email_fee_invoice_skipped" time="0.304" /><testcase classname="backend.tests.test_phase3.TestResend" name="test_email_salary_slip_skipped" time="0.176" /><testcase classname="backend.tests.test_phase3.TestResend" name="test_email_logs_admin_only" time="0.580" /><testcase classname="backend.tests.test_phase3.TestUsers" name="test_list_users" time="0.141" /><testcase classname="backend.tests.test_phase3.TestUsers" name="test_create_user" time="0.296" /><testcase classname="backend.tests.test_phase3.TestUsers" name="test_update_user_role_name" time="0.079" /><testcase classname="backend.tests.test_phase3.TestUsers" name="test_reset_password" time="0.677" /><testcase classname="backend.tests.test_phase3.TestUsers" name="test_short_password_rejected" time="0.068" /><testcase classname="backend.tests.test_phase3.TestUsers" name="test_deactivated_user_cannot_login" time="0.915" /><testcase classname="backend.tests.test_phase3.TestUsers" name="test_cannot_self_delete" time="0.138" /><testcase classname="backend.tests.test_phase3.TestUsers" name="test_delete_created_user" time="0.068" /><testcase classname="backend.tests.test_phase3.TestBehaviour" name="test_create_behaviour_rating" time="0.195" /><testcase classname="backend.tests.test_phase3.TestBehaviour" name="test_create_skill_rating" time="0.069" /><testcase classname="backend.tests.test_phase3.TestBehaviour" name="test_rating_out_of_range_rejected" time="0.133" /><testcase classname="backend.tests.test_phase3.TestBehaviour" name="test_list_behaviour_skill" time="0.135" /><testcase classname="backend.tests.test_phase3.TestBehaviour" name="test_observation_crud" time="0.135" /><testcase classname="backend.tests.test_phase3.TestBehaviour" name="test_parent_cannot_post_rating" time="0.073" /><testcase classname="backend.tests.test_phase3.TestBehaviour" name="test_delete_cleanup" time="0.215" /><testcase classname="backend.tests.test_phase3.TestRateLimit" name="test_lockout_after_5_failures" time="0.783" /><testcase classname="backend.tests.test_phase3.TestRateLimit" name="test_success_clears_counter" time="1.913" /></testsuite></testsuites>