<?xml version="1.0" encoding="utf-8"?><testsuites name="pytest tests"><testsuite name="pytest" errors="0" failures="0" skipped="0" tests="23" time="6.273" timestamp="2026-05-11T13:32:48.930007+00:00" hostname="agent-env-21862559-f756-48c6-a7fe-26460baa6179"><testcase classname="backend.tests.test_phase2b.TestTimetable" name="test_get_config_seeded" time="0.482" /><testcase classname="backend.tests.test_phase2b.TestTimetable" name="test_update_config_admin_only" time="0.692" /><testcase classname="backend.tests.test_phase2b.TestTimetable" name="test_get_timetable_returns_slots_with_names" time="0.133" /><testcase classname="backend.tests.test_phase2b.TestTimetable" name="test_slot_upsert_idempotent" time="0.368" /><testcase classname="backend.tests.test_phase2b.TestExams" name="test_list_exams_with_meta" time="0.068" /><testcase classname="backend.tests.test_phase2b.TestExams" name="test_create_exam_subjects_results_marksheet_and_delete_cascades" time="0.928" /><testcase classname="backend.tests.test_phase2b.TestExams" name="test_teacher_can_create_exam" time="0.218" /><testcase classname="backend.tests.test_phase2b.TestQuestionPapers" name="test_list_seeded" time="0.062" /><testcase classname="backend.tests.test_phase2b.TestQuestionPapers" name="test_crud_and_pdf" time="0.485" /><testcase classname="backend.tests.test_phase2b.TestDocsPDF" name="test_student_id_card" time="0.136" /><testcase classname="backend.tests.test_phase2b.TestDocsPDF" name="test_student_certificate[admission]" time="0.128" /><testcase classname="backend.tests.test_phase2b.TestDocsPDF" name="test_student_certificate[character]" time="0.131" /><testcase classname="backend.tests.test_phase2b.TestDocsPDF" name="test_student_certificate[transfer]" time="0.134" /><testcase classname="backend.tests.test_phase2b.TestDocsPDF" name="test_student_certificate[completion]" time="0.137" /><testcase classname="backend.tests.test_phase2b.TestDocsPDF" name="test_employee_id_card" time="0.140" /><testcase classname="backend.tests.test_phase2b.TestDocsPDF" name="test_employee_job_letter" time="0.143" /><testcase classname="backend.tests.test_phase2b.TestParent" name="test_self_register_parent_only" time="0.481" /><testcase classname="backend.tests.test_phase2b.TestParent" name="test_admin_blocked_from_parent_endpoints" time="0.066" /><testcase classname="backend.tests.test_phase2b.TestParent" name="test_seeded_demo_parent_has_2_children" time="0.410" /><testcase classname="backend.tests.test_phase2b.TestParent" name="test_link_child_bad_reg" time="0.064" /><testcase classname="backend.tests.test_phase2b.TestParent" name="test_link_unlink_child_roundtrip" time="0.374" /><testcase classname="backend.tests.test_phase2b.TestParent" name="test_child_summary_returns_data" time="0.134" /><testcase classname="backend.tests.test_phase2b.TestParent" name="test_child_summary_403_if_unlinked" time="0.236" /></testsuite></testsuites>