<?xml version="1.0" encoding="utf-8"?><testsuites name="pytest tests"><testsuite name="pytest" errors="0" failures="0" skipped="0" tests="22" time="4.538" timestamp="2026-05-11T13:18:14.208817+00:00" hostname="agent-env-21862559-f756-48c6-a7fe-26460baa6179"><testcase classname="backend.tests.test_phase2.TestSalary" name="test_list_slips_attaches_employee" time="0.577" /><testcase classname="backend.tests.test_phase2.TestSalary" name="test_list_slips_filters" time="0.069" /><testcase classname="backend.tests.test_phase2.TestSalary" name="test_bulk_generate_idempotent" time="0.139" /><testcase classname="backend.tests.test_phase2.TestSalary" name="test_pay_creates_expense_txn" time="0.337" /><testcase classname="backend.tests.test_phase2.TestSalary" name="test_salary_report" time="0.088" /><testcase classname="backend.tests.test_phase2.TestSalary" name="test_teacher_cannot_create_slip" time="0.443" /><testcase classname="backend.tests.test_phase2.TestAccounts" name="test_seeded_chart" time="0.065" /><testcase classname="backend.tests.test_phase2.TestAccounts" name="test_create_account_unique_and_validation" time="0.384" /><testcase classname="backend.tests.test_phase2.TestAccounts" name="test_delete_account_with_txn_fails" time="0.182" /><testcase classname="backend.tests.test_phase2.TestTransactions" name="test_list_attaches_account" time="0.062" /><testcase classname="backend.tests.test_phase2.TestTransactions" name="test_create_and_filter" time="0.317" /><testcase classname="backend.tests.test_phase2.TestTransactions" name="test_create_invalid" time="0.180" /><testcase classname="backend.tests.test_phase2.TestTransactions" name="test_account_statement" time="0.063" /><testcase classname="backend.tests.test_phase2.TestHomework" name="test_list_with_chips" time="0.068" /><testcase classname="backend.tests.test_phase2.TestHomework" name="test_class_filter" time="0.140" /><testcase classname="backend.tests.test_phase2.TestHomework" name="test_active_filter" time="0.060" /><testcase classname="backend.tests.test_phase2.TestHomework" name="test_teacher_can_crud" time="0.318" /><testcase classname="backend.tests.test_phase2.TestPromote" name="test_invalid_to_class" time="0.118" /><testcase classname="backend.tests.test_phase2.TestPromote" name="test_promote_moves_students" time="0.381" /><testcase classname="backend.tests.test_phase2.TestPDF" name="test_fee_slip_pdf" time="0.199" /><testcase classname="backend.tests.test_phase2.TestPDF" name="test_salary_slip_pdf" time="0.121" /><testcase classname="backend.tests.test_phase2.TestPDF" name="test_admission_letter_pdf" time="0.130" /></testsuite></testsuites>