<?xml version="1.0" encoding="utf-8"?><testsuites name="pytest tests"><testsuite name="pytest" errors="0" failures="0" skipped="0" tests="22" time="5.297" timestamp="2026-05-11T12:39:13.742397+00:00" hostname="agent-env-21862559-f756-48c6-a7fe-26460baa6179"><testcase classname="backend.tests.backend_test.TestAuth" name="test_login_success_sets_cookies" time="0.537" /><testcase classname="backend.tests.backend_test.TestAuth" name="test_login_wrong_password" time="0.346" /><testcase classname="backend.tests.backend_test.TestAuth" name="test_me_with_cookie" time="0.545" /><testcase classname="backend.tests.backend_test.TestAuth" name="test_me_without_cookie" time="0.140" /><testcase classname="backend.tests.backend_test.TestAuth" name="test_logout_clears_cookies" time="0.523" /><testcase classname="backend.tests.backend_test.TestDashboardInstitute" name="test_dashboard_stats" time="0.089" /><testcase classname="backend.tests.backend_test.TestDashboardInstitute" name="test_get_institute" time="0.081" /><testcase classname="backend.tests.backend_test.TestDashboardInstitute" name="test_update_institute_admin" time="0.154" /><testcase classname="backend.tests.backend_test.TestDashboardInstitute" name="test_update_institute_teacher_forbidden" time="0.404" /><testcase classname="backend.tests.backend_test.TestClasses" name="test_list_classes" time="0.082" /><testcase classname="backend.tests.backend_test.TestClasses" name="test_class_crud" time="0.230" /><testcase classname="backend.tests.backend_test.TestClasses" name="test_teacher_cannot_delete_class" time="0.208" /><testcase classname="backend.tests.backend_test.TestSubjects" name="test_subjects_crud" time="0.309" /><testcase classname="backend.tests.backend_test.TestStudents" name="test_list_students_and_filter" time="0.152" /><testcase classname="backend.tests.backend_test.TestStudents" name="test_create_student_unique_reg" time="0.223" /><testcase classname="backend.tests.backend_test.TestEmployees" name="test_employees_crud" time="0.288" /><testcase classname="backend.tests.backend_test.TestFees" name="test_list_invoices" time="0.076" /><testcase classname="backend.tests.backend_test.TestFees" name="test_bulk_generate_and_pay" time="0.231" /><testcase classname="backend.tests.backend_test.TestFees" name="test_fees_report" time="0.076" /><testcase classname="backend.tests.backend_test.TestAttendance" name="test_mark_and_get" time="0.227" /><testcase classname="backend.tests.backend_test.TestAttendance" name="test_attendance_report" time="0.107" /><testcase classname="backend.tests.backend_test.TestMessages" name="test_send_skipped_when_twilio_blank" time="0.091" /></testsuite></testsuites>